<?xml version="1.0" encoding="UTF-8"?>
<testng-results ignored="0" total="1" passed="1" failed="0" skipped="0">
  <reporter-output>
  </reporter-output>
  <suite started-at="2025-09-21T21:07:58 EDT" name="Default suite" finished-at="2025-09-21T21:08:02 EDT" duration-ms="3442">
    <groups>
    </groups>
    <test started-at="2025-09-21T21:07:58 EDT" name="Default test" finished-at="2025-09-21T21:08:02 EDT" duration-ms="3442">
      <class name="testCases.TC004_AgeValidationNegative">
        <test-method is-config="true" signature="setup()[pri:0, instance:testCases.TC004_AgeValidationNegative@3f191845]" started-at="2025-09-21T21:07:58 EDT" name="setup" finished-at="2025-09-21T21:08:00 EDT" duration-ms="1891" status="PASS">
          <reporter-output>
          </reporter-output>
        </test-method> <!-- setup -->
        <test-method signature="invalidAgeTest()[pri:0, instance:testCases.TC004_AgeValidationNegative@3f191845]" started-at="2025-09-21T21:08:00 EDT" name="invalidAgeTest" finished-at="2025-09-21T21:08:01 EDT" duration-ms="1100" status="PASS">
          <reporter-output>
          </reporter-output>
        </test-method> <!-- invalidAgeTest -->
        <test-method is-config="true" signature="tearDown()[pri:0, instance:testCases.TC004_AgeValidationNegative@3f191845]" started-at="2025-09-21T21:08:01 EDT" name="tearDown" finished-at="2025-09-21T21:08:02 EDT" duration-ms="419" status="PASS">
          <reporter-output>
          </reporter-output>
        </test-method> <!-- tearDown -->
      </class> <!-- testCases.TC004_AgeValidationNegative -->
    </test> <!-- Default test -->
  </suite> <!-- Default suite -->
</testng-results>
